<?xml version="1.0" encoding="UTF-8"?>
<!-- Generated by org.testng.reporters.JUnitXMLReporter -->
<testsuite hostname="Khanraslt01" name="Invalid Login" tests="1" failures="1" timestamp="23 Jan 2019 19:49:10 GMT" time="20.06" errors="0">
  <testcase name="invalidLogin" time="5.735" classname="testCases.TC01">
    <failure type="java.lang.AssertionError" message="expected [Invalid user/password combination1] but found [Invalid user/password combination]">
      <![CDATA[java.lang.AssertionError: expected [Invalid user/password combination1] but found [Invalid user/password combination]
	at actions.LoginPage.login(LoginPage.java:19)
	at testCases.TC01.invalidLogin(TC01.java:11)
... Removed 29 stack frames]]>
    </failure>
  </testcase> <!-- invalidLogin -->
</testsuite> <!-- Invalid Login -->
