<?xml version="1.0" encoding="UTF-8"?>
<testng-results skipped="0" failed="1" total="5" passed="4">
  <reporter-output>
  </reporter-output>
  <suite name="Suite" duration-ms="77515" started-at="2019-01-23T18:41:55Z" finished-at="2019-01-23T18:43:13Z">
    <groups>
    </groups>
    <test name="Invalid Login" duration-ms="17751" started-at="2019-01-23T18:41:55Z" finished-at="2019-01-23T18:42:13Z">
      <class name="testCases.TC01">
        <test-method status="PASS" signature="init()[pri:0, instance:testCases.TC01@74f0ea28]" name="init" is-config="true" duration-ms="11646" started-at="2019-01-24T00:11:55Z" finished-at="2019-01-24T00:12:07Z">
          <reporter-output>
          </reporter-output>
        </test-method> <!-- init -->
        <test-method status="FAIL" signature="invalidLogin()[pri:0, instance:testCases.TC01@74f0ea28]" name="invalidLogin" duration-ms="4255" started-at="2019-01-24T00:12:07Z" finished-at="2019-01-24T00:12:11Z">
          <exception class="java.lang.AssertionError">
            <message>
              <![CDATA[expected [Invalid user/password combination1] but found [Invalid user/password combination]]]>
            </message>
            <full-stacktrace>
              <![CDATA[java.lang.AssertionError: expected [Invalid user/password combination1] but found [Invalid user/password combination]
	at org.testng.Assert.fail(Assert.java:94)
	at org.testng.Assert.failNotEquals(Assert.java:496)
	at org.testng.Assert.assertEquals(Assert.java:125)
	at org.testng.Assert.assertEquals(Assert.java:178)
	at org.testng.Assert.assertEquals(Assert.java:188)
	at actions.LoginPage.login(LoginPage.java:19)
	at testCases.TC01.invalidLogin(TC01.java:11)
	at sun.reflect.NativeMethodAccessorImpl.invoke0(Native Method)
	at sun.reflect.NativeMethodAccessorImpl.invoke(Unknown Source)
	at sun.reflect.DelegatingMethodAccessorImpl.invoke(Unknown Source)
	at java.lang.reflect.Method.invoke(Unknown Source)
	at org.testng.internal.MethodInvocationHelper.invokeMethod(MethodInvocationHelper.java:85)
	at org.testng.internal.Invoker.invokeMethod(Invoker.java:639)
	at org.testng.internal.Invoker.invokeTestMethod(Invoker.java:816)
	at org.testng.internal.Invoker.invokeTestMethods(Invoker.java:1124)
	at org.testng.internal.TestMethodWorker.invokeTestMethods(TestMethodWorker.java:125)
	at org.testng.internal.TestMethodWorker.run(TestMethodWorker.java:108)
	at org.testng.TestRunner.privateRun(TestRunner.java:774)
	at org.testng.TestRunner.run(TestRunner.java:624)
	at org.testng.SuiteRunner.runTest(SuiteRunner.java:359)
	at org.testng.SuiteRunner.runSequentially(SuiteRunner.java:354)
	at org.testng.SuiteRunner.privateRun(SuiteRunner.java:312)
	at org.testng.SuiteRunner.run(SuiteRunner.java:261)
	at org.testng.SuiteRunnerWorker.runSuite(SuiteRunnerWorker.java:52)
	at org.testng.SuiteRunnerWorker.run(SuiteRunnerWorker.java:86)
	at org.testng.TestNG.runSuitesSequentially(TestNG.java:1215)
	at org.testng.TestNG.runSuitesLocally(TestNG.java:1140)
	at org.testng.TestNG.run(TestNG.java:1048)
	at org.testng.remote.AbstractRemoteTestNG.run(AbstractRemoteTestNG.java:114)
	at org.testng.remote.RemoteTestNG.initAndRun(RemoteTestNG.java:251)
	at org.testng.remote.RemoteTestNG.main(RemoteTestNG.java:77)
]]>
            </full-stacktrace>
          </exception> <!-- java.lang.AssertionError -->
          <reporter-output>
          </reporter-output>
        </test-method> <!-- invalidLogin -->
        <test-method status="PASS" signature="tearDown()[pri:0, instance:testCases.TC01@74f0ea28]" name="tearDown" is-config="true" duration-ms="1368" started-at="2019-01-24T00:12:11Z" finished-at="2019-01-24T00:12:13Z">
          <reporter-output>
          </reporter-output>
        </test-method> <!-- tearDown -->
      </class> <!-- testCases.TC01 -->
    </test> <!-- Invalid Login -->
    <test name="Invalid Register" duration-ms="12410" started-at="2019-01-23T18:42:13Z" finished-at="2019-01-23T18:42:25Z">
      <class name="testCases.TC02">
        <test-method status="PASS" signature="init()[pri:0, instance:testCases.TC02@7c7b252e]" name="init" is-config="true" duration-ms="9276" started-at="2019-01-24T00:12:13Z" finished-at="2019-01-24T00:12:22Z">
          <reporter-output>
          </reporter-output>
        </test-method> <!-- init -->
        <test-method status="PASS" signature="invalidRegister()[pri:0, instance:testCases.TC02@7c7b252e]" name="invalidRegister" duration-ms="2012" started-at="2019-01-24T00:12:22Z" finished-at="2019-01-24T00:12:24Z">
          <reporter-output>
          </reporter-output>
        </test-method> <!-- invalidRegister -->
        <test-method status="PASS" signature="tearDown()[pri:0, instance:testCases.TC02@7c7b252e]" name="tearDown" is-config="true" duration-ms="1116" started-at="2019-01-24T00:12:24Z" finished-at="2019-01-24T00:12:25Z">
          <reporter-output>
          </reporter-output>
        </test-method> <!-- tearDown -->
      </class> <!-- testCases.TC02 -->
    </test> <!-- Invalid Register -->
    <test name="Check Mobile App Navigation" duration-ms="14651" started-at="2019-01-23T18:42:25Z" finished-at="2019-01-23T18:42:40Z">
      <class name="testCases.TC03">
        <test-method status="PASS" signature="init()[pri:0, instance:testCases.TC03@1aafa419]" name="init" is-config="true" duration-ms="9269" started-at="2019-01-24T00:12:25Z" finished-at="2019-01-24T00:12:34Z">
          <reporter-output>
          </reporter-output>
        </test-method> <!-- init -->
        <test-method status="PASS" signature="checkMobileAppNavigation()[pri:0, instance:testCases.TC03@1aafa419]" name="checkMobileAppNavigation" duration-ms="4363" started-at="2019-01-24T00:12:34Z" finished-at="2019-01-24T00:12:39Z">
          <reporter-output>
          </reporter-output>
        </test-method> <!-- checkMobileAppNavigation -->
        <test-method status="PASS" signature="tearDown()[pri:0, instance:testCases.TC03@1aafa419]" name="tearDown" is-config="true" duration-ms="1014" started-at="2019-01-24T00:12:39Z" finished-at="2019-01-24T00:12:40Z">
          <reporter-output>
          </reporter-output>
        </test-method> <!-- tearDown -->
      </class> <!-- testCases.TC03 -->
    </test> <!-- Check Mobile App Navigation -->
    <test name="Galactio Page Navigation" duration-ms="16546" started-at="2019-01-23T18:42:40Z" finished-at="2019-01-23T18:42:56Z">
      <class name="testCases.TC04">
        <test-method status="PASS" signature="init()[pri:0, instance:testCases.TC04@76505305]" name="init" is-config="true" duration-ms="9831" started-at="2019-01-24T00:12:40Z" finished-at="2019-01-24T00:12:50Z">
          <reporter-output>
          </reporter-output>
        </test-method> <!-- init -->
        <test-method status="PASS" signature="checkGalactioNavigation()[pri:0, instance:testCases.TC04@76505305]" name="checkGalactioNavigation" duration-ms="5741" started-at="2019-01-24T00:12:50Z" finished-at="2019-01-24T00:12:55Z">
          <reporter-output>
          </reporter-output>
        </test-method> <!-- checkGalactioNavigation -->
        <test-method status="PASS" signature="tearDown()[pri:0, instance:testCases.TC04@76505305]" name="tearDown" is-config="true" duration-ms="970" started-at="2019-01-24T00:12:55Z" finished-at="2019-01-24T00:12:56Z">
          <reporter-output>
          </reporter-output>
        </test-method> <!-- tearDown -->
      </class> <!-- testCases.TC04 -->
    </test> <!-- Galactio Page Navigation -->
    <test name="Check SG GPS Navigation" duration-ms="16053" started-at="2019-01-23T18:42:56Z" finished-at="2019-01-23T18:43:13Z">
      <class name="testCases.TC05">
        <test-method status="PASS" signature="init()[pri:0, instance:testCases.TC05@59474f18]" name="init" is-config="true" duration-ms="9453" started-at="2019-01-24T00:12:56Z" finished-at="2019-01-24T00:13:06Z">
          <reporter-output>
          </reporter-output>
        </test-method> <!-- init -->
        <test-method status="PASS" signature="checkSGGPSNavigation()[pri:0, instance:testCases.TC05@59474f18]" name="checkSGGPSNavigation" duration-ms="5616" started-at="2019-01-24T00:13:06Z" finished-at="2019-01-24T00:13:12Z">
          <reporter-output>
          </reporter-output>
        </test-method> <!-- checkSGGPSNavigation -->
        <test-method status="PASS" signature="tearDown()[pri:0, instance:testCases.TC05@59474f18]" name="tearDown" is-config="true" duration-ms="975" started-at="2019-01-24T00:13:12Z" finished-at="2019-01-24T00:13:13Z">
          <reporter-output>
          </reporter-output>
        </test-method> <!-- tearDown -->
        <test-method status="PASS" signature="renameLog()[pri:0, instance:testCases.TC05@59474f18]" name="renameLog" is-config="true" duration-ms="1" started-at="2019-01-24T00:13:13Z" finished-at="2019-01-24T00:13:13Z">
          <reporter-output>
          </reporter-output>
        </test-method> <!-- renameLog -->
      </class> <!-- testCases.TC05 -->
    </test> <!-- Check SG GPS Navigation -->
  </suite> <!-- Suite -->
</testng-results>
