<?xml version="1.0" encoding="UTF-8"?>
<testng-results skipped="0" failed="0" total="5" passed="5">
  <reporter-output>
  </reporter-output>
  <suite name="Suite" duration-ms="28836" started-at="2019-01-23T21:21:00Z" finished-at="2019-01-23T21:21:28Z">
    <groups>
    </groups>
    <test name="Invalid Register" duration-ms="27669" started-at="2019-01-23T21:21:00Z" finished-at="2019-01-23T21:21:27Z">
      <class name="testCases.TC02">
        <test-method status="PASS" signature="init()[pri:0, instance:testCases.TC02@7c7b252e]" name="init" is-config="true" duration-ms="20767" started-at="2019-01-24T02:51:00Z" finished-at="2019-01-24T02:51:20Z">
          <reporter-output>
          </reporter-output>
        </test-method> <!-- init -->
        <test-method status="PASS" signature="invalidRegister()[pri:0, instance:testCases.TC02@7c7b252e]" name="invalidRegister" duration-ms="4501" started-at="2019-01-24T02:51:20Z" finished-at="2019-01-24T02:51:25Z">
          <reporter-output>
          </reporter-output>
        </test-method> <!-- invalidRegister -->
        <test-method status="PASS" signature="tearDown()[pri:0, instance:testCases.TC02@7c7b252e]" name="tearDown" is-config="true" duration-ms="2393" started-at="2019-01-24T02:51:25Z" finished-at="2019-01-24T02:51:27Z">
          <reporter-output>
          </reporter-output>
        </test-method> <!-- tearDown -->
      </class> <!-- testCases.TC02 -->
    </test> <!-- Invalid Register -->
    <test name="Galactio Page Navigation" duration-ms="28662" started-at="2019-01-23T21:21:00Z" finished-at="2019-01-23T21:21:28Z">
      <class name="testCases.TC04">
        <test-method status="PASS" signature="init()[pri:0, instance:testCases.TC04@76505305]" name="init" is-config="true" duration-ms="20758" started-at="2019-01-24T02:51:00Z" finished-at="2019-01-24T02:51:20Z">
          <reporter-output>
          </reporter-output>
        </test-method> <!-- init -->
        <test-method status="PASS" signature="checkGalactioNavigation()[pri:0, instance:testCases.TC04@76505305]" name="checkGalactioNavigation" duration-ms="6116" started-at="2019-01-24T02:51:20Z" finished-at="2019-01-24T02:51:26Z">
          <reporter-output>
          </reporter-output>
        </test-method> <!-- checkGalactioNavigation -->
        <test-method status="PASS" signature="tearDown()[pri:0, instance:testCases.TC04@76505305]" name="tearDown" is-config="true" duration-ms="1780" started-at="2019-01-24T02:51:26Z" finished-at="2019-01-24T02:51:28Z">
          <reporter-output>
          </reporter-output>
        </test-method> <!-- tearDown -->
      </class> <!-- testCases.TC04 -->
    </test> <!-- Galactio Page Navigation -->
    <test name="Check Mobile App Navigation" duration-ms="28722" started-at="2019-01-23T21:21:00Z" finished-at="2019-01-23T21:21:28Z">
      <class name="testCases.TC03">
        <test-method status="PASS" signature="init()[pri:0, instance:testCases.TC03@1aafa419]" name="init" is-config="true" duration-ms="20314" started-at="2019-01-24T02:51:00Z" finished-at="2019-01-24T02:51:20Z">
          <reporter-output>
          </reporter-output>
        </test-method> <!-- init -->
        <test-method status="PASS" signature="checkMobileAppNavigation()[pri:0, instance:testCases.TC03@1aafa419]" name="checkMobileAppNavigation" duration-ms="7152" started-at="2019-01-24T02:51:20Z" finished-at="2019-01-24T02:51:27Z">
          <reporter-output>
          </reporter-output>
        </test-method> <!-- checkMobileAppNavigation -->
        <test-method status="PASS" signature="tearDown()[pri:0, instance:testCases.TC03@1aafa419]" name="tearDown" is-config="true" duration-ms="1243" started-at="2019-01-24T02:51:27Z" finished-at="2019-01-24T02:51:28Z">
          <reporter-output>
          </reporter-output>
        </test-method> <!-- tearDown -->
      </class> <!-- testCases.TC03 -->
    </test> <!-- Check Mobile App Navigation -->
    <test name="Check SG GPS Navigation" duration-ms="28729" started-at="2019-01-23T21:21:00Z" finished-at="2019-01-23T21:21:28Z">
      <class name="testCases.TC05">
        <test-method status="PASS" signature="endLog()[pri:0, instance:testCases.TC05@59474f18]" name="endLog" is-config="true" duration-ms="18" started-at="2019-01-24T02:51:00Z" finished-at="2019-01-24T02:51:00Z">
          <reporter-output>
          </reporter-output>
        </test-method> <!-- endLog -->
        <test-method status="PASS" signature="init()[pri:0, instance:testCases.TC05@59474f18]" name="init" is-config="true" duration-ms="20683" started-at="2019-01-24T02:51:00Z" finished-at="2019-01-24T02:51:20Z">
          <reporter-output>
          </reporter-output>
        </test-method> <!-- init -->
        <test-method status="PASS" signature="checkSGGPSNavigation()[pri:0, instance:testCases.TC05@59474f18]" name="checkSGGPSNavigation" duration-ms="6809" started-at="2019-01-24T02:51:20Z" finished-at="2019-01-24T02:51:27Z">
          <reporter-output>
          </reporter-output>
        </test-method> <!-- checkSGGPSNavigation -->
        <test-method status="PASS" signature="tearDown()[pri:0, instance:testCases.TC05@59474f18]" name="tearDown" is-config="true" duration-ms="1229" started-at="2019-01-24T02:51:27Z" finished-at="2019-01-24T02:51:28Z">
          <reporter-output>
          </reporter-output>
        </test-method> <!-- tearDown -->
        <test-method status="PASS" signature="startLog()[pri:0, instance:testCases.TC05@59474f18]" name="startLog" is-config="true" duration-ms="1" started-at="2019-01-24T02:51:28Z" finished-at="2019-01-24T02:51:28Z">
          <reporter-output>
          </reporter-output>
        </test-method> <!-- startLog -->
      </class> <!-- testCases.TC05 -->
    </test> <!-- Check SG GPS Navigation -->
    <test name="Invalid Login" duration-ms="28836" started-at="2019-01-23T21:21:00Z" finished-at="2019-01-23T21:21:28Z">
      <class name="testCases.TC01">
        <test-method status="PASS" signature="init()[pri:0, instance:testCases.TC01@74f0ea28]" name="init" is-config="true" duration-ms="20946" started-at="2019-01-24T02:51:00Z" finished-at="2019-01-24T02:51:21Z">
          <reporter-output>
          </reporter-output>
        </test-method> <!-- init -->
        <test-method status="PASS" signature="invalidLogin()[pri:0, instance:testCases.TC01@74f0ea28]" name="invalidLogin" duration-ms="7046" started-at="2019-01-24T02:51:21Z" finished-at="2019-01-24T02:51:28Z">
          <reporter-output>
          </reporter-output>
        </test-method> <!-- invalidLogin -->
        <test-method status="PASS" signature="tearDown()[pri:0, instance:testCases.TC01@74f0ea28]" name="tearDown" is-config="true" duration-ms="837" started-at="2019-01-24T02:51:28Z" finished-at="2019-01-24T02:51:28Z">
          <reporter-output>
          </reporter-output>
        </test-method> <!-- tearDown -->
      </class> <!-- testCases.TC01 -->
    </test> <!-- Invalid Login -->
  </suite> <!-- Suite -->
</testng-results>
