<?xml version="1.0" encoding="UTF-8"?>
<!-- Generated by org.testng.reporters.JUnitXMLReporter -->
<testsuite hostname="Khanraslt01" ignored="0" name="Invalid Register" tests="1" failures="0" timestamp="22 Jan 2019 05:00:35 GMT" time="0.022" errors="0">
  <testcase name="@BeforeMethod init" time="0.0" classname="testCases.TC02">
    <failure type="java.io.FileNotFoundException" message=".\test_data\PropData.properties (The system cannot find the path specified)">
      <![CDATA[java.io.FileNotFoundException: .\test_data\PropData.properties (The system cannot find the path specified)
	at java.io.FileInputStream.open0(Native Method)
	at java.io.FileInputStream.open(Unknown Source)
	at java.io.FileInputStream.<init>(Unknown Source)
	at utility.CommonUtils.readProperty(CommonUtils.java:54)
	at testCases.TC02.init(TC02.java:16)
	at java.util.concurrent.FutureTask.run(Unknown Source)
	at java.util.concurrent.ThreadPoolExecutor.runWorker(Unknown Source)
	at java.util.concurrent.ThreadPoolExecutor$Worker.run(Unknown Source)
	at java.lang.Thread.run(Unknown Source)
... Removed 18 stack frames]]>
    </failure>
  </testcase> <!-- @BeforeMethod init -->
  <testcase name="@AfterMethod tearDown" time="0.0" classname="testCases.TC02">
    <skipped/>
  </testcase> <!-- @AfterMethod tearDown -->
  <testcase name="invalidRegister" time="0.0" classname="testCases.TC02">
    <skipped/>
  </testcase> <!-- invalidRegister -->
</testsuite> <!-- Invalid Register -->
